<?xml version="1.0" encoding="UTF-8"?>
<!-- Generated by org.testng.reporters.JUnitReportReporter -->
<testsuite skipped="0" hostname="SOFI" name="scripts.TestInvalidLogin" tests="1" failures="0" timestamp="09 Jan 2018 14:58:48 GMT" time="31.838" errors="0">
  <testcase name="testInvalidLogin" time="31.838" classname="scripts.TestInvalidLogin"/>
</testsuite> <!-- scripts.TestInvalidLogin -->
