<?xml version="1.0" encoding="UTF-8"?>
<!-- Generated by org.testng.reporters.JUnitReportReporter -->
<testsuite skipped="0" hostname="SOFI" name="scripts.TestValidLogin" tests="1" failures="0" timestamp="09 Jan 2018 14:58:48 GMT" time="13.553" errors="0">
  <testcase name="testValidlogin" time="13.553" classname="scripts.TestValidLogin"/>
</testsuite> <!-- scripts.TestValidLogin -->
